<?xml version="1.0" encoding="UTF-8"?>
<coverage generated="1600284958539" clover="3.2.0">
  <project timestamp="1600284958539" name="All files">
    <metrics statements="80" coveredstatements="80" conditionals="50" coveredconditionals="50" methods="16" coveredmethods="16" elements="146" coveredelements="146" complexity="0" loc="80" ncloc="80" packages="1" files="4" classes="4"/>
    <file name="constants.ts" path="C:\dev\react-datepickr\src\constants.ts">
      <metrics statements="2" coveredstatements="2" conditionals="0" coveredconditionals="0" methods="0" coveredmethods="0"/>
      <line num="1" count="1" type="stmt"/>
      <line num="11" count="1" type="stmt"/>
    </file>
    <file name="index.tsx" path="C:\dev\react-datepickr\src\index.tsx">
      <metrics statements="2" coveredstatements="2" conditionals="0" coveredconditionals="0" methods="0" coveredmethods="0"/>
      <line num="1" count="1" type="stmt"/>
      <line num="2" count="1" type="stmt"/>
    </file>
    <file name="useDatepickr.ts" path="C:\dev\react-datepickr\src\useDatepickr.ts">
      <metrics statements="42" coveredstatements="42" conditionals="28" coveredconditionals="28" methods="9" coveredmethods="9"/>
      <line num="1" count="1" type="stmt"/>
      <line num="2" count="1" type="stmt"/>
      <line num="3" count="1" type="stmt"/>
      <line num="4" count="1" type="stmt"/>
      <line num="5" count="1" type="stmt"/>
      <line num="6" count="1" type="stmt"/>
      <line num="7" count="1" type="stmt"/>
      <line num="8" count="1" type="stmt"/>
      <line num="9" count="1" type="stmt"/>
      <line num="10" count="1" type="stmt"/>
      <line num="12" count="1" type="stmt"/>
      <line num="13" count="1" type="stmt"/>
      <line num="15" count="24" type="stmt"/>
      <line num="16" count="24" type="cond" truecount="2" falsecount="0"/>
      <line num="17" count="24" type="stmt"/>
      <line num="18" count="24" type="cond" truecount="2" falsecount="0"/>
      <line num="19" count="24" type="cond" truecount="2" falsecount="0"/>
      <line num="20" count="24" type="cond" truecount="2" falsecount="0"/>
      <line num="21" count="24" type="cond" truecount="2" falsecount="0"/>
      <line num="22" count="24" type="cond" truecount="2" falsecount="0"/>
      <line num="23" count="681" type="cond" truecount="2" falsecount="0"/>
      <line num="25" count="24" type="stmt"/>
      <line num="26" count="24" type="stmt"/>
      <line num="32" count="24" type="stmt"/>
      <line num="33" count="1" type="stmt"/>
      <line num="36" count="24" type="stmt"/>
      <line num="37" count="1" type="stmt"/>
      <line num="38" count="1" type="stmt"/>
      <line num="41" count="24" type="stmt"/>
      <line num="42" count="1" type="stmt"/>
      <line num="43" count="1" type="stmt"/>
      <line num="46" count="24" type="stmt"/>
      <line num="47" count="24" type="stmt"/>
      <line num="48" count="24" type="cond" truecount="2" falsecount="0"/>
      <line num="49" count="24" type="stmt"/>
      <line num="50" count="24" type="stmt"/>
      <line num="51" count="821" type="stmt"/>
      <line num="52" count="821" type="stmt"/>
      <line num="54" count="821" type="cond" truecount="4" falsecount="0"/>
      <line num="55" count="821" type="stmt"/>
      <line num="60" count="1" type="cond" truecount="4" falsecount="0"/>
      <line num="68" count="24" type="stmt"/>
    </file>
    <file name="utils.ts" path="C:\dev\react-datepickr\src\utils.ts">
      <metrics statements="34" coveredstatements="34" conditionals="22" coveredconditionals="22" methods="7" coveredmethods="7"/>
      <line num="1" count="2" type="stmt"/>
      <line num="2" count="2" type="stmt"/>
      <line num="3" count="2" type="stmt"/>
      <line num="4" count="2" type="stmt"/>
      <line num="5" count="2" type="stmt"/>
      <line num="6" count="2" type="stmt"/>
      <line num="7" count="2" type="stmt"/>
      <line num="8" count="2" type="stmt"/>
      <line num="11" count="2" type="stmt"/>
      <line num="12" count="24" type="stmt"/>
      <line num="13" count="24" type="stmt"/>
      <line num="14" count="24" type="stmt"/>
      <line num="17" count="709" type="cond" truecount="2" falsecount="0"/>
      <line num="18" count="707" type="stmt"/>
      <line num="19" count="707" type="cond" truecount="2" falsecount="0"/>
      <line num="22" count="2" type="stmt"/>
      <line num="23" count="25" type="stmt"/>
      <line num="29" count="2" type="stmt"/>
      <line num="30" count="953" type="cond" truecount="2" falsecount="0"/>
      <line num="31" count="715" type="stmt"/>
      <line num="34" count="238" type="cond" truecount="2" falsecount="0"/>
      <line num="35" count="1" type="stmt"/>
      <line num="38" count="237" type="cond" truecount="2" falsecount="0"/>
      <line num="39" count="70" type="stmt"/>
      <line num="42" count="167" type="cond" truecount="4" falsecount="0"/>
      <line num="45" count="2" type="stmt"/>
      <line num="46" count="140" type="stmt"/>
      <line num="47" count="132" type="cond" truecount="2" falsecount="0"/>
      <line num="48" count="67" type="stmt"/>
      <line num="51" count="3" type="stmt"/>
      <line num="54" count="2" type="stmt"/>
      <line num="55" count="238" type="stmt"/>
      <line num="60" count="2" type="stmt"/>
      <line num="61" count="237" type="cond" truecount="2" falsecount="0"/>
    </file>
  </project>
</coverage>
