{"C:\\dev\\react-datepickr\\src\\constants.ts": {"path":"C:\\dev\\react-datepickr\\src\\constants.ts","statementMap":{"0":{"start":{"line":1,"column":13},"end":{"line":9,"column":2}},"1":{"start":{"line":11,"column":13},"end":{"line":24,"column":2}}},"fnMap":{},"branchMap":{},"s":{"0":1,"1":1},"f":{},"b":{}}
,"C:\\dev\\react-datepickr\\src\\index.tsx": {"path":"C:\\dev\\react-datepickr\\src\\index.tsx","statementMap":{"0":{"start":{"line":1,"column":0},"end":{"line":1,"column":31}},"1":{"start":{"line":2,"column":0},"end":{"line":2,"column":24}}},"fnMap":{},"branchMap":{},"s":{"0":1,"1":1},"f":{},"b":{}}
,"C:\\dev\\react-datepickr\\src\\useDatepickr.ts": {"path":"C:\\dev\\react-datepickr\\src\\useDatepickr.ts","statementMap":{"0":{"start":{"line":1,"column":0},"end":{"line":1,"column":33}},"1":{"start":{"line":2,"column":0},"end":{"line":2,"column":37}},"2":{"start":{"line":3,"column":0},"end":{"line":3,"column":59}},"3":{"start":{"line":4,"column":0},"end":{"line":4,"column":57}},"4":{"start":{"line":5,"column":0},"end":{"line":5,"column":43}},"5":{"start":{"line":6,"column":0},"end":{"line":6,"column":37}},"6":{"start":{"line":7,"column":0},"end":{"line":7,"column":39}},"7":{"start":{"line":8,"column":0},"end":{"line":8,"column":39}},"8":{"start":{"line":9,"column":0},"end":{"line":9,"column":41}},"9":{"start":{"line":10,"column":0},"end":{"line":10,"column":39}},"10":{"start":{"line":12,"column":0},"end":{"line":12,"column":82}},"11":{"start":{"line":13,"column":0},"end":{"line":13,"column":63}},"12":{"start":{"line":15,"column":13},"end":{"line":80,"column":2}},"13":{"start":{"line":15,"column":29},"end":{"line":24,"column":null}},"14":{"start":{"line":16,"column":2},"end":{"line":16,"column":13}},"15":{"start":{"line":16,"column":13},"end":{"line":16,"column":null}},"16":{"start":{"line":17,"column":14},"end":{"line":17,"column":null}},"17":{"start":{"line":18,"column":2},"end":{"line":18,"column":15}},"18":{"start":{"line":18,"column":15},"end":{"line":18,"column":null}},"19":{"start":{"line":19,"column":2},"end":{"line":19,"column":10}},"20":{"start":{"line":19,"column":10},"end":{"line":19,"column":null}},"21":{"start":{"line":20,"column":2},"end":{"line":20,"column":19}},"22":{"start":{"line":20,"column":19},"end":{"line":20,"column":null}},"23":{"start":{"line":21,"column":2},"end":{"line":21,"column":17}},"24":{"start":{"line":21,"column":17},"end":{"line":21,"column":null}},"25":{"start":{"line":22,"column":2},"end":{"line":22,"column":13}},"26":{"start":{"line":22,"column":13},"end":{"line":22,"column":null}},"27":{"start":{"line":23,"column":2},"end":{"line":23,"column":10}},"28":{"start":{"line":23,"column":10},"end":{"line":23,"column":null}},"29":{"start":{"line":23,"column":19},"end":{"line":23,"column":null}},"30":{"start":{"line":25,"column":40},"end":{"line":25,"column":69}},"31":{"start":{"line":25,"column":20},"end":{"line":25,"column":22}},"32":{"start":{"line":25,"column":36},"end":{"line":25,"column":40}},"33":{"start":{"line":26,"column":42},"end":{"line":29,"column":null}},"34":{"start":{"line":26,"column":21},"end":{"line":26,"column":23}},"35":{"start":{"line":26,"column":38},"end":{"line":26,"column":42}},"36":{"start":{"line":32,"column":25},"end":{"line":34,"column":3}},"37":{"start":{"line":33,"column":4},"end":{"line":33,"column":25}},"38":{"start":{"line":36,"column":28},"end":{"line":39,"column":3}},"39":{"start":{"line":37,"column":26},"end":{"line":37,"column":54}},"40":{"start":{"line":38,"column":4},"end":{"line":38,"column":46}},"41":{"start":{"line":41,"column":28},"end":{"line":44,"column":3}},"42":{"start":{"line":42,"column":26},"end":{"line":42,"column":56}},"43":{"start":{"line":43,"column":4},"end":{"line":43,"column":46}},"44":{"start":{"line":46,"column":24},"end":{"line":66,"column":3}},"45":{"start":{"line":48,"column":6},"end":{"line":48,"column":79}},"46":{"start":{"line":47,"column":17},"end":{"line":47,"column":19}},"47":{"start":{"line":47,"column":22},"end":{"line":47,"column":null}},"48":{"start":{"line":49,"column":21},"end":{"line":49,"column":54}},"49":{"start":{"line":50,"column":4},"end":{"line":65,"column":7}},"50":{"start":{"line":51,"column":29},"end":{"line":51,"column":65}},"51":{"start":{"line":52,"column":25},"end":{"line":52,"column":53}},"52":{"start":{"line":54,"column":8},"end":{"line":54,"column":91}},"53":{"start":{"line":55,"column":6},"end":{"line":64,"column":8}},"54":{"start":{"line":60,"column":62},"end":{"line":60,"column":83}},"55":{"start":{"line":60,"column":91},"end":{"line":60,"column":null}},"56":{"start":{"line":68,"column":2},"end":{"line":79,"column":4}}},"fnMap":{"0":{"name":"(anonymous_0)","decl":{"start":{"line":15,"column":28},"end":{"line":15,"column":29}},"loc":{"start":{"line":24,"column":19},"end":{"line":80,"column":1}}},"1":{"name":"(anonymous_1)","decl":{"start":{"line":23,"column":13},"end":{"line":23,"column":19}},"loc":{"start":{"line":23,"column":13},"end":{"line":23,"column":24}}},"2":{"name":"(anonymous_2)","decl":{"start":{"line":32,"column":25},"end":{"line":32,"column":26}},"loc":{"start":{"line":32,"column":36},"end":{"line":34,"column":3}}},"3":{"name":"(anonymous_3)","decl":{"start":{"line":36,"column":28},"end":{"line":36,"column":null}},"loc":{"start":{"line":36,"column":28},"end":{"line":39,"column":3}}},"4":{"name":"(anonymous_4)","decl":{"start":{"line":41,"column":28},"end":{"line":41,"column":null}},"loc":{"start":{"line":41,"column":28},"end":{"line":44,"column":3}}},"5":{"name":"(anonymous_5)","decl":{"start":{"line":46,"column":24},"end":{"line":46,"column":null}},"loc":{"start":{"line":46,"column":24},"end":{"line":66,"column":3}}},"6":{"name":"(anonymous_6)","decl":{"start":{"line":50,"column":24},"end":{"line":50,"column":25}},"loc":{"start":{"line":50,"column":32},"end":{"line":65,"column":5}}},"7":{"name":"(anonymous_7)","decl":{"start":{"line":60,"column":56},"end":{"line":60,"column":62}},"loc":{"start":{"line":60,"column":56},"end":{"line":60,"column":76}}},"8":{"name":"(anonymous_8)","decl":{"start":{"line":60,"column":85},"end":{"line":60,"column":91}},"loc":{"start":{"line":60,"column":85},"end":{"line":60,"column":95}}}},"branchMap":{"0":{"loc":{"start":{"line":24,"column":17},"end":{"line":24,"column":19}},"type":"cond-expr","locations":[{"start":{"line":24,"column":17},"end":{"line":24,"column":19}},{"start":{"line":24,"column":19},"end":{"line":24,"column":null}}]},"1":{"loc":{"start":{"line":16,"column":16},"end":{"line":16,"column":26}},"type":"cond-expr","locations":[{"start":{"line":16,"column":16},"end":{"line":16,"column":26}},{"start":{"line":16,"column":26},"end":{"line":16,"column":null}}]},"2":{"loc":{"start":{"line":18,"column":18},"end":{"line":18,"column":26}},"type":"cond-expr","locations":[{"start":{"line":18,"column":18},"end":{"line":18,"column":26}},{"start":{"line":18,"column":26},"end":{"line":18,"column":null}}]},"3":{"loc":{"start":{"line":19,"column":13},"end":{"line":19,"column":18}},"type":"cond-expr","locations":[{"start":{"line":19,"column":13},"end":{"line":19,"column":18}},{"start":{"line":19,"column":18},"end":{"line":19,"column":null}}]},"4":{"loc":{"start":{"line":20,"column":22},"end":{"line":20,"column":34}},"type":"cond-expr","locations":[{"start":{"line":20,"column":22},"end":{"line":20,"column":34}},{"start":{"line":20,"column":34},"end":{"line":20,"column":null}}]},"5":{"loc":{"start":{"line":21,"column":20},"end":{"line":21,"column":38}},"type":"cond-expr","locations":[{"start":{"line":21,"column":20},"end":{"line":21,"column":38}},{"start":{"line":21,"column":38},"end":{"line":21,"column":null}}]},"6":{"loc":{"start":{"line":22,"column":16},"end":{"line":22,"column":28}},"type":"cond-expr","locations":[{"start":{"line":22,"column":16},"end":{"line":22,"column":28}},{"start":{"line":22,"column":28},"end":{"line":22,"column":null}}]},"7":{"loc":{"start":{"line":23,"column":13},"end":{"line":23,"column":24}},"type":"cond-expr","locations":[{"start":{"line":23,"column":13},"end":{"line":23,"column":24}},{"start":{"line":23,"column":24},"end":{"line":23,"column":null}}]},"8":{"loc":{"start":{"line":28,"column":8},"end":{"line":28,"column":76}},"type":"cond-expr","locations":[{"start":{"line":28,"column":8},"end":{"line":28,"column":76}},{"start":{"line":29,"column":8},"end":{"line":29,"column":38}}]},"9":{"loc":{"start":{"line":48,"column":33},"end":{"line":48,"column":45}},"type":"cond-expr","locations":[{"start":{"line":48,"column":33},"end":{"line":48,"column":45}},{"start":{"line":48,"column":48},"end":{"line":48,"column":79}}]},"10":{"loc":{"start":{"line":54,"column":54},"end":{"line":54,"column":86}},"type":"cond-expr","locations":[{"start":{"line":54,"column":54},"end":{"line":54,"column":86}},{"start":{"line":54,"column":89},"end":{"line":54,"column":91}}]},"11":{"loc":{"start":{"line":54,"column":8},"end":{"line":54,"column":22}},"type":"binary-expr","locations":[{"start":{"line":54,"column":8},"end":{"line":54,"column":22}},{"start":{"line":54,"column":26},"end":{"line":54,"column":51}}]},"12":{"loc":{"start":{"line":60,"column":56},"end":{"line":60,"column":76}},"type":"cond-expr","locations":[{"start":{"line":60,"column":56},"end":{"line":60,"column":76}},{"start":{"line":60,"column":85},"end":{"line":60,"column":95}}]},"13":{"loc":{"start":{"line":60,"column":10},"end":{"line":60,"column":24}},"type":"binary-expr","locations":[{"start":{"line":60,"column":10},"end":{"line":60,"column":24}},{"start":{"line":60,"column":28},"end":{"line":60,"column":53}}]}},"s":{"0":1,"1":1,"2":1,"3":1,"4":1,"5":1,"6":1,"7":1,"8":1,"9":1,"10":1,"11":1,"12":1,"13":24,"14":24,"15":24,"16":24,"17":24,"18":24,"19":24,"20":24,"21":24,"22":24,"23":24,"24":24,"25":24,"26":24,"27":24,"28":24,"29":681,"30":24,"31":24,"32":24,"33":24,"34":24,"35":24,"36":24,"37":1,"38":24,"39":1,"40":1,"41":24,"42":1,"43":1,"44":24,"45":24,"46":24,"47":24,"48":24,"49":24,"50":821,"51":821,"52":821,"53":821,"54":1,"55":1,"56":24},"f":{"0":24,"1":681,"2":1,"3":1,"4":1,"5":24,"6":821,"7":1,"8":1},"b":{"0":[2,22],"1":[4,20],"2":[22,2],"3":[22,2],"4":[20,4],"5":[23,1],"6":[23,1],"7":[20,4],"8":[1,23],"9":[1,23],"10":[703,118],"11":[821,123],"12":[703,118],"13":[821,123]}}
,"C:\\dev\\react-datepickr\\src\\utils.ts": {"path":"C:\\dev\\react-datepickr\\src\\utils.ts","statementMap":{"0":{"start":{"line":1,"column":0},"end":{"line":1,"column":37}},"1":{"start":{"line":2,"column":0},"end":{"line":2,"column":39}},"2":{"start":{"line":3,"column":0},"end":{"line":3,"column":49}},"3":{"start":{"line":4,"column":0},"end":{"line":4,"column":45}},"4":{"start":{"line":5,"column":0},"end":{"line":5,"column":31}},"5":{"start":{"line":6,"column":0},"end":{"line":6,"column":31}},"6":{"start":{"line":7,"column":0},"end":{"line":7,"column":54}},"7":{"start":{"line":8,"column":0},"end":{"line":8,"column":57}},"8":{"start":{"line":11,"column":13},"end":{"line":15,"column":2}},"9":{"start":{"line":12,"column":16},"end":{"line":12,"column":63}},"10":{"start":{"line":13,"column":14},"end":{"line":13,"column":61}},"11":{"start":{"line":14,"column":2},"end":{"line":14,"column":24}},"12":{"start":{"line":17,"column":13},"end":{"line":20,"column":2}},"13":{"start":{"line":17,"column":45},"end":{"line":17,"column":null}},"14":{"start":{"line":18,"column":19},"end":{"line":18,"column":45}},"15":{"start":{"line":19,"column":2},"end":{"line":19,"column":55}},"16":{"start":{"line":22,"column":13},"end":{"line":27,"column":2}},"17":{"start":{"line":23,"column":2},"end":{"line":26,"column":4}},"18":{"start":{"line":29,"column":13},"end":{"line":43,"column":2}},"19":{"start":{"line":30,"column":2},"end":{"line":32,"column":null}},"20":{"start":{"line":31,"column":4},"end":{"line":31,"column":17}},"21":{"start":{"line":34,"column":2},"end":{"line":36,"column":null}},"22":{"start":{"line":35,"column":4},"end":{"line":35,"column":17}},"23":{"start":{"line":38,"column":2},"end":{"line":40,"column":null}},"24":{"start":{"line":39,"column":4},"end":{"line":39,"column":37}},"25":{"start":{"line":42,"column":2},"end":{"line":42,"column":94}},"26":{"start":{"line":45,"column":13},"end":{"line":52,"column":2}},"27":{"start":{"line":46,"column":2},"end":{"line":50,"column":null}},"28":{"start":{"line":46,"column":20},"end":{"line":46,"column":26}},"29":{"start":{"line":46,"column":16},"end":{"line":46,"column":20}},"30":{"start":{"line":47,"column":4},"end":{"line":49,"column":null}},"31":{"start":{"line":48,"column":6},"end":{"line":48,"column":18}},"32":{"start":{"line":51,"column":2},"end":{"line":51,"column":15}},"33":{"start":{"line":54,"column":13},"end":{"line":58,"column":2}},"34":{"start":{"line":55,"column":2},"end":{"line":57,"column":4}},"35":{"start":{"line":60,"column":13},"end":{"line":62,"column":2}},"36":{"start":{"line":61,"column":2},"end":{"line":61,"column":51}}},"fnMap":{"0":{"name":"(anonymous_0)","decl":{"start":{"line":11,"column":33},"end":{"line":11,"column":34}},"loc":{"start":{"line":11,"column":50},"end":{"line":15,"column":1}}},"1":{"name":"(anonymous_1)","decl":{"start":{"line":17,"column":32},"end":{"line":17,"column":33}},"loc":{"start":{"line":17,"column":59},"end":{"line":20,"column":1}}},"2":{"name":"(anonymous_2)","decl":{"start":{"line":22,"column":25},"end":{"line":22,"column":26}},"loc":{"start":{"line":22,"column":36},"end":{"line":27,"column":1}}},"3":{"name":"(anonymous_3)","decl":{"start":{"line":29,"column":23},"end":{"line":29,"column":24}},"loc":{"start":{"line":29,"column":79},"end":{"line":43,"column":1}}},"4":{"name":"(anonymous_4)","decl":{"start":{"line":45,"column":28},"end":{"line":45,"column":29}},"loc":{"start":{"line":45,"column":68},"end":{"line":52,"column":1}}},"5":{"name":"(anonymous_5)","decl":{"start":{"line":54,"column":25},"end":{"line":54,"column":26}},"loc":{"start":{"line":54,"column":40},"end":{"line":58,"column":1}}},"6":{"name":"(anonymous_6)","decl":{"start":{"line":60,"column":28},"end":{"line":60,"column":29}},"loc":{"start":{"line":60,"column":43},"end":{"line":62,"column":1}}}},"branchMap":{"0":{"loc":{"start":{"line":17,"column":45},"end":{"line":17,"column":null}},"type":"if","locations":[{"start":{"line":17,"column":45},"end":{"line":17,"column":null}},{"start":{"line":17,"column":45},"end":{"line":17,"column":null}}]},"1":{"loc":{"start":{"line":19,"column":18},"end":{"line":19,"column":43}},"type":"cond-expr","locations":[{"start":{"line":19,"column":18},"end":{"line":19,"column":43}},{"start":{"line":19,"column":46},"end":{"line":19,"column":54}}]},"2":{"loc":{"start":{"line":30,"column":2},"end":{"line":32,"column":null}},"type":"if","locations":[{"start":{"line":30,"column":2},"end":{"line":32,"column":null}},{"start":{"line":30,"column":2},"end":{"line":32,"column":null}}]},"3":{"loc":{"start":{"line":34,"column":2},"end":{"line":36,"column":null}},"type":"if","locations":[{"start":{"line":34,"column":2},"end":{"line":36,"column":null}},{"start":{"line":34,"column":2},"end":{"line":36,"column":null}}]},"4":{"loc":{"start":{"line":38,"column":2},"end":{"line":40,"column":null}},"type":"if","locations":[{"start":{"line":38,"column":2},"end":{"line":40,"column":null}},{"start":{"line":38,"column":2},"end":{"line":40,"column":null}}]},"5":{"loc":{"start":{"line":42,"column":41},"end":{"line":42,"column":52}},"type":"binary-expr","locations":[{"start":{"line":42,"column":41},"end":{"line":42,"column":52}},{"start":{"line":42,"column":56},"end":{"line":42,"column":63}}]},"6":{"loc":{"start":{"line":42,"column":70},"end":{"line":42,"column":79}},"type":"binary-expr","locations":[{"start":{"line":42,"column":70},"end":{"line":42,"column":79}},{"start":{"line":42,"column":83},"end":{"line":42,"column":90}}]},"7":{"loc":{"start":{"line":47,"column":4},"end":{"line":49,"column":null}},"type":"if","locations":[{"start":{"line":47,"column":4},"end":{"line":49,"column":null}},{"start":{"line":47,"column":4},"end":{"line":49,"column":null}}]},"8":{"loc":{"start":{"line":56,"column":4},"end":{"line":56,"column":18}},"type":"binary-expr","locations":[{"start":{"line":56,"column":4},"end":{"line":56,"column":18}},{"start":{"line":56,"column":22},"end":{"line":56,"column":37}},{"start":{"line":56,"column":42},"end":{"line":56,"column":61}},{"start":{"line":56,"column":65},"end":{"line":56,"column":99}}]},"9":{"loc":{"start":{"line":61,"column":9},"end":{"line":61,"column":22}},"type":"binary-expr","locations":[{"start":{"line":61,"column":9},"end":{"line":61,"column":22}},{"start":{"line":61,"column":26},"end":{"line":61,"column":50}}]}},"s":{"0":2,"1":2,"2":2,"3":2,"4":2,"5":2,"6":2,"7":2,"8":2,"9":24,"10":24,"11":24,"12":2,"13":709,"14":707,"15":707,"16":2,"17":25,"18":2,"19":953,"20":715,"21":238,"22":1,"23":237,"24":70,"25":167,"26":2,"27":70,"28":140,"29":132,"30":132,"31":67,"32":3,"33":2,"34":238,"35":2,"36":237},"f":{"0":24,"1":707,"2":25,"3":953,"4":70,"5":238,"6":237},"b":{"0":[2,705],"1":[32,675],"2":[715,238],"3":[1,237],"4":[70,167],"5":[167,35],"6":[167,62],"7":[67,65],"8":[238,237,237,237],"9":[237,237]}}
}
