TN:
SF:C:\dev\react-datepickr\src\constants.ts
FNF:0
FNH:0
DA:1,1
DA:11,1
LF:2
LH:2
BRF:0
BRH:0
end_of_record
TN:
SF:C:\dev\react-datepickr\src\index.tsx
FNF:0
FNH:0
DA:1,1
DA:2,1
LF:2
LH:2
BRF:0
BRH:0
end_of_record
TN:
SF:C:\dev\react-datepickr\src\useDatepickr.ts
FN:15,(anonymous_0)
FN:23,(anonymous_1)
FN:32,(anonymous_2)
FN:36,(anonymous_3)
FN:41,(anonymous_4)
FN:46,(anonymous_5)
FN:50,(anonymous_6)
FN:60,(anonymous_7)
FN:60,(anonymous_8)
FNF:9
FNH:9
FNDA:24,(anonymous_0)
FNDA:681,(anonymous_1)
FNDA:1,(anonymous_2)
FNDA:1,(anonymous_3)
FNDA:1,(anonymous_4)
FNDA:24,(anonymous_5)
FNDA:821,(anonymous_6)
FNDA:1,(anonymous_7)
FNDA:1,(anonymous_8)
DA:1,1
DA:2,1
DA:3,1
DA:4,1
DA:5,1
DA:6,1
DA:7,1
DA:8,1
DA:9,1
DA:10,1
DA:12,1
DA:13,1
DA:15,24
DA:16,24
DA:17,24
DA:18,24
DA:19,24
DA:20,24
DA:21,24
DA:22,24
DA:23,681
DA:25,24
DA:26,24
DA:32,24
DA:33,1
DA:36,24
DA:37,1
DA:38,1
DA:41,24
DA:42,1
DA:43,1
DA:46,24
DA:47,24
DA:48,24
DA:49,24
DA:50,24
DA:51,821
DA:52,821
DA:54,821
DA:55,821
DA:60,1
DA:68,24
LF:42
LH:42
BRDA:24,0,0,2
BRDA:24,0,1,22
BRDA:16,1,0,4
BRDA:16,1,1,20
BRDA:18,2,0,22
BRDA:18,2,1,2
BRDA:19,3,0,22
BRDA:19,3,1,2
BRDA:20,4,0,20
BRDA:20,4,1,4
BRDA:21,5,0,23
BRDA:21,5,1,1
BRDA:22,6,0,23
BRDA:22,6,1,1
BRDA:23,7,0,20
BRDA:23,7,1,4
BRDA:28,8,0,1
BRDA:28,8,1,23
BRDA:48,9,0,1
BRDA:48,9,1,23
BRDA:54,10,0,703
BRDA:54,10,1,118
BRDA:54,11,0,821
BRDA:54,11,1,123
BRDA:60,12,0,703
BRDA:60,12,1,118
BRDA:60,13,0,821
BRDA:60,13,1,123
BRF:28
BRH:28
end_of_record
TN:
SF:C:\dev\react-datepickr\src\utils.ts
FN:11,(anonymous_0)
FN:17,(anonymous_1)
FN:22,(anonymous_2)
FN:29,(anonymous_3)
FN:45,(anonymous_4)
FN:54,(anonymous_5)
FN:60,(anonymous_6)
FNF:7
FNH:7
FNDA:24,(anonymous_0)
FNDA:707,(anonymous_1)
FNDA:25,(anonymous_2)
FNDA:953,(anonymous_3)
FNDA:70,(anonymous_4)
FNDA:238,(anonymous_5)
FNDA:237,(anonymous_6)
DA:1,2
DA:2,2
DA:3,2
DA:4,2
DA:5,2
DA:6,2
DA:7,2
DA:8,2
DA:11,2
DA:12,24
DA:13,24
DA:14,24
DA:17,709
DA:18,707
DA:19,707
DA:22,2
DA:23,25
DA:29,2
DA:30,953
DA:31,715
DA:34,238
DA:35,1
DA:38,237
DA:39,70
DA:42,167
DA:45,2
DA:46,140
DA:47,132
DA:48,67
DA:51,3
DA:54,2
DA:55,238
DA:60,2
DA:61,237
LF:34
LH:34
BRDA:17,0,0,2
BRDA:17,0,1,705
BRDA:19,1,0,32
BRDA:19,1,1,675
BRDA:30,2,0,715
BRDA:30,2,1,238
BRDA:34,3,0,1
BRDA:34,3,1,237
BRDA:38,4,0,70
BRDA:38,4,1,167
BRDA:42,5,0,167
BRDA:42,5,1,35
BRDA:42,6,0,167
BRDA:42,6,1,62
BRDA:47,7,0,67
BRDA:47,7,1,65
BRDA:56,8,0,238
BRDA:56,8,1,237
BRDA:56,8,2,237
BRDA:56,8,3,237
BRDA:61,9,0,237
BRDA:61,9,1,237
BRF:22
BRH:22
end_of_record
